Determining if the pthread_create exist failed with the following output:
Change Dir: /home/brendan/catkin_ws_arm/build/CMakeFiles/CMakeTmp

Run Build Command:"/usr/bin/make" "cmTC_fadce/fast"
/usr/bin/make -f CMakeFiles/cmTC_fadce.dir/build.make CMakeFiles/cmTC_fadce.dir/build
make[1]: Entering directory '/home/brendan/catkin_ws_arm/build/CMakeFiles/CMakeTmp'
Building C object CMakeFiles/cmTC_fadce.dir/CheckSymbolExists.c.o
/usr/bin/cc    -o CMakeFiles/cmTC_fadce.dir/CheckSymbolExists.c.o   -c /home/brendan/catkin_ws_arm/build/CMakeFiles/CMakeTmp/CheckSymbolExists.c
Linking C executable cmTC_fadce
/usr/bin/cmake -E cmake_link_script CMakeFiles/cmTC_fadce.dir/link.txt --verbose=1
/usr/bin/cc      -rdynamic CMakeFiles/cmTC_fadce.dir/CheckSymbolExists.c.o  -o cmTC_fadce 
CMakeFiles/cmTC_fadce.dir/CheckSymbolExists.c.o: In function `main':
CheckSymbolExists.c:(.text+0x1b): undefined reference to `pthread_create'
collect2: error: ld returned 1 exit status
CMakeFiles/cmTC_fadce.dir/build.make:97: recipe for target 'cmTC_fadce' failed
make[1]: *** [cmTC_fadce] Error 1
make[1]: Leaving directory '/home/brendan/catkin_ws_arm/build/CMakeFiles/CMakeTmp'
Makefile:126: recipe for target 'cmTC_fadce/fast' failed
make: *** [cmTC_fadce/fast] Error 2

File /home/brendan/catkin_ws_arm/build/CMakeFiles/CMakeTmp/CheckSymbolExists.c:
/* */
#include <pthread.h>

int main(int argc, char** argv)
{
  (void)argv;
#ifndef pthread_create
  return ((int*)(&pthread_create))[argc];
#else
  (void)argc;
  return 0;
#endif
}

Determining if the function pthread_create exists in the pthreads failed with the following output:
Change Dir: /home/brendan/catkin_ws_arm/build/CMakeFiles/CMakeTmp

Run Build Command:"/usr/bin/make" "cmTC_e1d8b/fast"
/usr/bin/make -f CMakeFiles/cmTC_e1d8b.dir/build.make CMakeFiles/cmTC_e1d8b.dir/build
make[1]: Entering directory '/home/brendan/catkin_ws_arm/build/CMakeFiles/CMakeTmp'
Building C object CMakeFiles/cmTC_e1d8b.dir/CheckFunctionExists.c.o
/usr/bin/cc   -DCHECK_FUNCTION_EXISTS=pthread_create   -o CMakeFiles/cmTC_e1d8b.dir/CheckFunctionExists.c.o   -c /usr/share/cmake-3.10/Modules/CheckFunctionExists.c
Linking C executable cmTC_e1d8b
/usr/bin/cmake -E cmake_link_script CMakeFiles/cmTC_e1d8b.dir/link.txt --verbose=1
/usr/bin/cc  -DCHECK_FUNCTION_EXISTS=pthread_create    -rdynamic CMakeFiles/cmTC_e1d8b.dir/CheckFunctionExists.c.o  -o cmTC_e1d8b -lpthreads 
/usr/bin/ld: cannot find -lpthreads
collect2: error: ld returned 1 exit status
CMakeFiles/cmTC_e1d8b.dir/build.make:97: recipe for target 'cmTC_e1d8b' failed
make[1]: *** [cmTC_e1d8b] Error 1
make[1]: Leaving directory '/home/brendan/catkin_ws_arm/build/CMakeFiles/CMakeTmp'
Makefile:126: recipe for target 'cmTC_e1d8b/fast' failed
make: *** [cmTC_e1d8b/fast] Error 2


